<?xml version="1.0" encoding="UTF-8"?>
<testng-results skipped="0" failed="0" ignored="0" total="0" passed="0">
  <reporter-output>
  </reporter-output>
  <suite name="com.groupkt.base.TestBase" duration-ms="22" started-at="2019-04-15T17:10:38Z" finished-at="2019-04-15T17:10:38Z">
    <groups>
    </groups>
    <test name="Command line test" duration-ms="22" started-at="2019-04-15T17:10:38Z" finished-at="2019-04-15T17:10:38Z">
    </test> <!-- Command line test -->
  </suite> <!-- com.groupkt.base.TestBase -->
</testng-results>
