<?xml version="1.0" encoding="UTF-8"?><testsuite errors="1" failures="0" name="com.groupkt.junit.Assignment3" skipped="0" tests="2" time="18.23" timestamp="2019-05-16 11:33:10"><testcase classname="com.groupkt.junit.Assignment3" name="This will validate new user creation"/><testcase classname="com.groupkt.junit.Assignment3" name="This will validate existing user exists"><error message="Some exception during recording fields" type="java.lang.RuntimeException">Some exception during recording fields</error><system-err>Some exception during recording fields&#13;
net.serenitybdd.rest.filters.FieldsRecordingFilter.filter(FieldsRecordingFilter.java:52)&#13;
io.restassured.internal.filter.FilterContextImpl.next(FilterContextImpl.groovy:72)&#13;
io.restassured.filter.log.RequestLoggingFilter.filter(RequestLoggingFilter.java:124)&#13;
net.serenitybdd.rest.filters.FieldsRecordingFilter.filter(FieldsRecordingFilter.java:40)&#13;
io.restassured.internal.filter.FilterContextImpl.next(FilterContextImpl.groovy:72)&#13;
io.restassured.filter.log.RequestLoggingFilter.filter(RequestLoggingFilter.java:124)&#13;
net.serenitybdd.rest.filters.FieldsRecordingFilter.filter(FieldsRecordingFilter.java:40)&#13;
io.restassured.internal.filter.FilterContextImpl.next(FilterContextImpl.groovy:72)&#13;
io.restassured.filter.log.RequestLoggingFilter.filter(RequestLoggingFilter.java:124)&#13;
net.serenitybdd.rest.filters.FieldsRecordingFilter.filter(FieldsRecordingFilter.java:40)&#13;
io.restassured.internal.filter.FilterContextImpl.next(FilterContextImpl.groovy:72)&#13;
io.restassured.filter.log.RequestLoggingFilter.filter(RequestLoggingFilter.java:124)&#13;
net.serenitybdd.rest.filters.FieldsRecordingFilter.filter(FieldsRecordingFilter.java:40)&#13;
io.restassured.internal.filter.FilterContextImpl.next(FilterContextImpl.groovy:72)&#13;
io.restassured.filter.log.RequestLoggingFilter.filter(RequestLoggingFilter.java:124)&#13;
net.serenitybdd.rest.filters.FieldsRecordingFilter.filter(FieldsRecordingFilter.java:40)&#13;
io.restassured.internal.filter.FilterContextImpl.next(FilterContextImpl.groovy:72)&#13;
io.restassured.filter.log.RequestLoggingFilter.filter(RequestLoggingFilter.java:124)&#13;
io.restassured.internal.filter.FilterContextImpl.next(FilterContextImpl.groovy:72)&#13;
io.restassured.filter.log.RequestLoggingFilter.filter(RequestLoggingFilter.java:124)&#13;
net.serenitybdd.rest.filters.FieldsRecordingFilter.filter(FieldsRecordingFilter.java:40)&#13;
io.restassured.internal.filter.FilterContextImpl.next(FilterContextImpl.groovy:72)&#13;
io.restassured.filter.log.RequestLoggingFilter.filter(RequestLoggingFilter.java:124)&#13;
net.serenitybdd.rest.filters.FieldsRecordingFilter.filter(FieldsRecordingFilter.java:40)&#13;
io.restassured.internal.filter.FilterContextImpl.next(FilterContextImpl.groovy:72)&#13;
io.restassured.filter.log.RequestLoggingFilter.filter(RequestLoggingFilter.java:124)&#13;
net.serenitybdd.rest.filters.FieldsRecordingFilter.filter(FieldsRecordingFilter.java:40)&#13;
io.restassured.internal.filter.FilterContextImpl.next(FilterContextImpl.groovy:72)&#13;
io.restassured.filter.log.RequestLoggingFilter.filter(RequestLoggingFilter.java:124)&#13;
net.serenitybdd.rest.filters.FieldsRecordingFilter.filter(FieldsRecordingFilter.java:40)&#13;
io.restassured.internal.filter.FilterContextImpl.next(FilterContextImpl.groovy:72)&#13;
io.restassured.filter.log.RequestLoggingFilter.filter(RequestLoggingFilter.java:124)&#13;
net.serenitybdd.rest.filters.FieldsRecordingFilter.filter(FieldsRecordingFilter.java:40)&#13;
io.restassured.internal.filter.FilterContextImpl.next(FilterContextImpl.groovy:72)&#13;
io.restassured.filter.log.RequestLoggingFilter.filter(RequestLoggingFilter.java:124)&#13;
net.serenitybdd.rest.filters.FieldsRecordingFilter.filter(FieldsRecordingFilter.java:40)&#13;
io.restassured.internal.filter.FilterContextImpl.next(FilterContextImpl.groovy:72)&#13;
io.restassured.internal.RequestSpecificationImpl.applyPathParamsAndSendRequest(RequestSpecificationImpl.groovy:1731)&#13;
groovy.lang.MetaMethod.doMethodInvoke(MetaMethod.java:325)&#13;
groovy.lang.MetaClassImpl.invokeMethod(MetaClassImpl.java:1213)&#13;
groovy.lang.MetaClassImpl.invokeMethod(MetaClassImpl.java:1022)&#13;
groovy.lang.MetaClassImpl.invokeMethod(MetaClassImpl.java:810)&#13;
io.restassured.internal.RequestSpecificationImpl.invokeMethod(RequestSpecificationImpl.groovy)&#13;
io.restassured.internal.RequestSpecificationImpl.applyPathParamsAndSendRequest(RequestSpecificationImpl.groovy:1737)&#13;
groovy.lang.MetaMethod.doMethodInvoke(MetaMethod.java:325)&#13;
groovy.lang.MetaClassImpl.invokeMethod(MetaClassImpl.java:1213)&#13;
groovy.lang.MetaClassImpl.invokeMethod(MetaClassImpl.java:1022)&#13;
groovy.lang.MetaClassImpl.invokeMethod(MetaClassImpl.java:810)&#13;
io.restassured.internal.RequestSpecificationImpl.invokeMethod(RequestSpecificationImpl.groovy)&#13;
io.restassured.internal.RequestSpecificationImpl.post(RequestSpecificationImpl.groovy:174)&#13;
net.serenitybdd.rest.decorators.request.RequestSpecificationDecorated.executeCall(RequestSpecificationDecorated.java:260)&#13;
net.serenitybdd.rest.decorators.request.RequestSpecificationDecorated.execute(RequestSpecificationDecorated.java:220)&#13;
net.serenitybdd.rest.decorators.request.RequestSpecificationDecorated.post(RequestSpecificationDecorated.java:72)&#13;
net.serenitybdd.rest.decorators.request.RequestSpecificationDecorated.post(RequestSpecificationDecorated.java:62)&#13;
net.serenitybdd.rest.decorators.request.RequestSpecificationDecorated.post(RequestSpecificationDecorated.java:25)&#13;
com.groupkt.junit.Assignment3.ValidateExistingUser(Assignment3.java:78)&#13;
org.eclipse.jdt.internal.junit4.runner.JUnit4TestReference.run(JUnit4TestReference.java:89)&#13;
org.eclipse.jdt.internal.junit.runner.TestExecution.run(TestExecution.java:41)&#13;
org.eclipse.jdt.internal.junit.runner.RemoteTestRunner.runTests(RemoteTestRunner.java:541)&#13;
org.eclipse.jdt.internal.junit.runner.RemoteTestRunner.runTests(RemoteTestRunner.java:763)&#13;
org.eclipse.jdt.internal.junit.runner.RemoteTestRunner.run(RemoteTestRunner.java:463)&#13;
org.eclipse.jdt.internal.junit.runner.RemoteTestRunner.main(RemoteTestRunner.java:209)&#13;
</system-err></testcase></testsuite>